d:\study\数据结构与算法综合实验\连连看游戏\llkpro17.6.15\lianliankan\debug\lianliankan.pch
d:\study\数据结构与算法综合实验\连连看游戏\llkpro17.6.15\lianliankan\debug\vc140.pdb
d:\study\数据结构与算法综合实验\连连看游戏\llkpro17.6.15\lianliankan\debug\vc140.idb
d:\study\数据结构与算法综合实验\连连看游戏\llkpro17.6.15\lianliankan\debug\stdafx.obj
d:\study\数据结构与算法综合实验\连连看游戏\llkpro17.6.15\lianliankan\debug\stdafx.cod
d:\study\数据结构与算法综合实验\连连看游戏\llkpro17.6.15\lianliankan\debug\dlgproxy.obj
d:\study\数据结构与算法综合实验\连连看游戏\llkpro17.6.15\lianliankan\debug\dlgproxy.cod
d:\study\数据结构与算法综合实验\连连看游戏\llkpro17.6.15\lianliankan\debug\gamecontrol.obj
d:\study\数据结构与算法综合实验\连连看游戏\llkpro17.6.15\lianliankan\debug\gamecontrol.cod
d:\study\数据结构与算法综合实验\连连看游戏\llkpro17.6.15\lianliankan\debug\gamedlg.obj
d:\study\数据结构与算法综合实验\连连看游戏\llkpro17.6.15\lianliankan\debug\gamedlg.cod
d:\study\数据结构与算法综合实验\连连看游戏\llkpro17.6.15\lianliankan\debug\gameexception.obj
d:\study\数据结构与算法综合实验\连连看游戏\llkpro17.6.15\lianliankan\debug\gameexception.cod
d:\study\数据结构与算法综合实验\连连看游戏\llkpro17.6.15\lianliankan\debug\gamelogic.obj
d:\study\数据结构与算法综合实验\连连看游戏\llkpro17.6.15\lianliankan\debug\gamelogic.cod
d:\study\数据结构与算法综合实验\连连看游戏\llkpro17.6.15\lianliankan\debug\lianliankan.obj
d:\study\数据结构与算法综合实验\连连看游戏\llkpro17.6.15\lianliankan\debug\lianliankan.cod
d:\study\数据结构与算法综合实验\连连看游戏\llkpro17.6.15\lianliankan\debug\llkdlg.obj
d:\study\数据结构与算法综合实验\连连看游戏\llkpro17.6.15\lianliankan\debug\llkdlg.cod
d:\study\数据结构与算法综合实验\连连看游戏\llkpro17.6.15\lianliankan\debug\gamehelp.obj
d:\study\数据结构与算法综合实验\连连看游戏\llkpro17.6.15\lianliankan\debug\gamehelp.cod
d:\study\数据结构与算法综合实验\连连看游戏\llkpro17.6.15\debug\lianliankan.ilk
d:\study\数据结构与算法综合实验\连连看游戏\llkpro17.6.15\debug\lianliankan.exe
d:\study\数据结构与算法综合实验\连连看游戏\llkpro17.6.15\debug\lianliankan.pdb
d:\study\数据结构与算法综合实验\连连看游戏\llkpro17.6.15\lianliankan\debug\lianliankan.tlb
d:\study\数据结构与算法综合实验\连连看游戏\llkpro17.6.15\lianliankan\lianliankan_i.c
d:\study\数据结构与算法综合实验\连连看游戏\llkpro17.6.15\lianliankan\lianliankan_h.h
d:\study\数据结构与算法综合实验\连连看游戏\llkpro17.6.15\lianliankan\debug\lianliankan.res
d:\study\数据结构与算法综合实验\连连看游戏\llkpro17.6.16\lianliankan\debug\dlgproxy.obj
d:\study\数据结构与算法综合实验\连连看游戏\llkpro17.6.16\lianliankan\debug\gamecontrol.obj
d:\study\数据结构与算法综合实验\连连看游戏\llkpro17.6.16\lianliankan\debug\gamedlg.obj
d:\study\数据结构与算法综合实验\连连看游戏\llkpro17.6.16\lianliankan\debug\gameexception.obj
d:\study\数据结构与算法综合实验\连连看游戏\llkpro17.6.16\lianliankan\debug\gamehelp.obj
d:\study\数据结构与算法综合实验\连连看游戏\llkpro17.6.16\lianliankan\debug\gamelogic.obj
d:\study\数据结构与算法综合实验\连连看游戏\llkpro17.6.16\lianliankan\debug\lianliankan.obj
d:\study\数据结构与算法综合实验\连连看游戏\llkpro17.6.16\lianliankan\debug\llkdlg.obj
d:\study\数据结构与算法综合实验\连连看游戏\llkpro17.6.16\lianliankan\debug\stdafx.obj
d:\study\数据结构与算法综合实验\连连看游戏\llkpro17.6.16\lianliankan\debug\gamelogic.obj.enc
d:\study\数据结构与算法综合实验\连连看游戏\llkpro17.6.16\lianliankan\debug\llkdlg.new.obj.enc
d:\study\数据结构与算法综合实验\连连看游戏\llkpro17.6.16\lianliankan\debug\lianliankan.tlb
d:\study\数据结构与算法综合实验\连连看游戏\llkpro17.6.16\lianliankan\debug\lianliankan.res
d:\study\数据结构与算法综合实验\连连看游戏\llkpro17.6.16\lianliankan\debug\lianliankan.pch
d:\study\数据结构与算法综合实验\连连看游戏\llkpro17.6.16\lianliankan\debug\vc140.idb
d:\study\数据结构与算法综合实验\连连看游戏\llkpro17.6.16\lianliankan\debug\vc140.pdb
d:\study\数据结构与算法综合实验\连连看游戏\llkpro17.6.16\debug\lianliankan.pdb
d:\study\数据结构与算法综合实验\连连看游戏\llkpro17.6.16\debug\lianliankan.exe
d:\study\数据结构与算法综合实验\连连看游戏\llkpro17.6.16\debug\lianliankan.ilk
d:\study\数据结构与算法综合实验\连连看游戏\llkpro17.6.16\lianliankan\debug\lianliankan.tlog\cl.command.1.tlog
d:\study\数据结构与算法综合实验\连连看游戏\llkpro17.6.16\lianliankan\debug\lianliankan.tlog\cl.read.1.tlog
d:\study\数据结构与算法综合实验\连连看游戏\llkpro17.6.16\lianliankan\debug\lianliankan.tlog\cl.write.1.tlog
d:\study\数据结构与算法综合实验\连连看游戏\llkpro17.6.16\lianliankan\debug\lianliankan.tlog\link.command.1.tlog
d:\study\数据结构与算法综合实验\连连看游戏\llkpro17.6.16\lianliankan\debug\lianliankan.tlog\link.read.1.tlog
d:\study\数据结构与算法综合实验\连连看游戏\llkpro17.6.16\lianliankan\debug\lianliankan.tlog\link.write.1.tlog
d:\study\数据结构与算法综合实验\连连看游戏\llkpro17.6.16\lianliankan\debug\lianliankan.tlog\midl.command.1.tlog
d:\study\数据结构与算法综合实验\连连看游戏\llkpro17.6.16\lianliankan\debug\lianliankan.tlog\midl.read.1.tlog
d:\study\数据结构与算法综合实验\连连看游戏\llkpro17.6.16\lianliankan\debug\lianliankan.tlog\midl.write.1.tlog
d:\study\数据结构与算法综合实验\连连看游戏\llkpro17.6.16\lianliankan\debug\lianliankan.tlog\rc.command.1.tlog
d:\study\数据结构与算法综合实验\连连看游戏\llkpro17.6.16\lianliankan\debug\lianliankan.tlog\rc.read.1.tlog
d:\study\数据结构与算法综合实验\连连看游戏\llkpro17.6.16\lianliankan\debug\lianliankan.tlog\rc.write.1.tlog
